<?xml version="1.0" encoding="UTF-8"?>
<!-- Generated by org.testng.reporters.JUnitXMLReporter -->
<testsuite ignored="0" hostname="LAPTOP-QKO1N1CM" failures="1" tests="4" name="Submit Order test" time="44.913" errors="0" timestamp="2023-11-07T23:01:50 IST">
  <testcase classname="framework.tests.SubmitOrder" name="submitOrder" time="5.961"/>
  <testcase classname="framework.tests.SubmitOrder" name="submitOrder" time="5.57"/>
  <testcase classname="framework.tests.SubmitOrder" name="submitOrder" time="10.562">
    <failure type="java.lang.NullPointerException" message="Cannot invoke &amp;quot;org.openqa.selenium.WebElement.findElement(org.openqa.selenium.By)&amp;quot; because &amp;quot;prod&amp;quot; is null">
      <![CDATA[java.lang.NullPointerException: Cannot invoke "org.openqa.selenium.WebElement.findElement(org.openqa.selenium.By)" because "prod" is null
at framework.pageobjects.ProductCatalogue.addProductToCart(ProductCatalogue.java:54)
at framework.tests.SubmitOrder.submitOrder(SubmitOrder.java:32)
at java.base/java.util.ArrayList.forEach(ArrayList.java:1511)
at java.base/java.util.concurrent.FutureTask.run(FutureTask.java:264)
at java.base/java.util.concurrent.ThreadPoolExecutor.runWorker(ThreadPoolExecutor.java:1136)
at java.base/java.util.concurrent.ThreadPoolExecutor$Worker.run(ThreadPoolExecutor.java:635)
at java.base/java.lang.Thread.run(Thread.java:833)
... Removed 15 stack frames]]>
    </failure>
  </testcase> <!-- submitOrder -->
  <testcase classname="framework.tests.SubmitOrder" name="orderHistoryTest" time="0.0">
    <skipped/>
  </testcase> <!-- orderHistoryTest -->
</testsuite> <!-- Submit Order test -->
